[2019-02-16 10:42:48] Текст ошибки:Страница не найдена | Файл:C:\OSPanel\domains\ishop3.loc\vendor\ishop\core\Router.php | 
         Строка:37
=============
[2019-02-16 10:43:31] Текст ошибки:Контроллер app\controllers\admin\LteController не найден | Файл:C:\OSPanel\domains\ishop3.loc\vendor\ishop\core\Router.php | 
         Строка:33
=============
[2019-02-16 10:43:41] Текст ошибки:Страница не найдена | Файл:C:\OSPanel\domains\ishop3.loc\vendor\ishop\core\Router.php | 
         Строка:37
=============
[2019-02-16 10:43:41] Текст ошибки:Страница не найдена | Файл:C:\OSPanel\domains\ishop3.loc\vendor\ishop\core\Router.php | 
         Строка:37
=============
[2019-02-16 10:43:52] Текст ошибки:Контроллер app\controllers\admin\LteController не найден | Файл:C:\OSPanel\domains\ishop3.loc\vendor\ishop\core\Router.php | 
         Строка:33
=============
[2019-02-16 10:43:52] Текст ошибки:Страница не найдена | Файл:C:\OSPanel\domains\ishop3.loc\vendor\ishop\core\Router.php | 
         Строка:37
=============
[2019-02-16 10:43:58] Текст ошибки:Страница не найдена | Файл:C:\OSPanel\domains\ishop3.loc\vendor\ishop\core\Router.php | 
         Строка:37
=============
[2019-02-16 10:44:16] Текст ошибки:Страница не найдена | Файл:C:\OSPanel\domains\ishop3.loc\vendor\ishop\core\Router.php | 
         Строка:37
=============
[2019-02-16 10:44:33] Текст ошибки:Страница не найдена | Файл:C:\OSPanel\domains\ishop3.loc\vendor\ishop\core\Router.php | 
         Строка:37
=============
[2019-02-16 10:45:06] Текст ошибки:Страница не найдена | Файл:C:\OSPanel\domains\ishop3.loc\vendor\ishop\core\Router.php | 
         Строка:37
=============
[2019-02-16 10:45:19] Текст ошибки:Страница не найдена | Файл:C:\OSPanel\domains\ishop3.loc\vendor\ishop\core\Router.php | 
         Строка:37
=============
[2019-02-16 10:45:26] Текст ошибки:Страница не найдена | Файл:C:\OSPanel\domains\ishop3.loc\vendor\ishop\core\Router.php | 
         Строка:37
=============
[2019-02-17 12:10:43] Текст ошибки:Страница не найдена | Файл:C:\OSPanel\domains\ishop3.loc\vendor\ishop\core\Router.php | 
         Строка:37
=============
[2019-02-17 12:28:26] Текст ошибки:Метод app\controllers\admin\ProductController::deleteAction не найден | Файл:C:\OSPanel\domains\ishop3.loc\vendor\ishop\core\Router.php | 
         Строка:30
=============
[2019-02-17 12:28:46] Текст ошибки:Метод app\controllers\admin\ProductController::editAction не найден | Файл:C:\OSPanel\domains\ishop3.loc\vendor\ishop\core\Router.php | 
         Строка:30
=============
[2019-02-17 12:29:22] Текст ошибки:Метод app\controllers\admin\ProductController::deleteAction не найден | Файл:C:\OSPanel\domains\ishop3.loc\vendor\ishop\core\Router.php | 
         Строка:30
=============
[2019-02-17 12:30:52] Текст ошибки:Метод app\controllers\ProductController::indexAction не найден | Файл:C:\OSPanel\domains\ishop3.loc\vendor\ishop\core\Router.php | 
         Строка:30
=============
[2019-02-17 12:31:23] Текст ошибки:Метод app\controllers\admin\ProductController::deleteAction не найден | Файл:C:\OSPanel\domains\ishop3.loc\vendor\ishop\core\Router.php | 
         Строка:30
=============
[2019-02-17 13:04:34] Текст ошибки:Страница не найдена | Файл:C:\OSPanel\domains\ishop3.loc\vendor\ishop\core\Router.php | 
         Строка:37
=============
[2019-02-17 13:06:00] Текст ошибки:Страница не найдена | Файл:C:\OSPanel\domains\ishop3.loc\vendor\ishop\core\Router.php | 
         Строка:37
=============
[2019-02-17 13:07:55] Текст ошибки:Страница не найдена | Файл:C:\OSPanel\domains\ishop3.loc\vendor\ishop\core\Router.php | 
         Строка:37
=============
[2019-02-17 14:27:03] Текст ошибки:Страница не найдена | Файл:C:\OSPanel\domains\ishop3.loc\vendor\ishop\core\Router.php | 
         Строка:37
=============
[2019-02-17 14:27:54] Текст ошибки:Метод app\controllers\admin\ProductController::deleteAction не найден | Файл:C:\OSPanel\domains\ishop3.loc\vendor\ishop\core\Router.php | 
         Строка:30
=============
[2019-02-18 07:12:44] Текст ошибки:Страница не найдена | Файл:C:\OSPanel\domains\ishop3.loc\vendor\ishop\core\Router.php | 
         Строка:37
=============
[2019-02-19 06:41:02] Текст ошибки:Страница не найдена | Файл:C:\OSPanel\domains\ishop3.loc\vendor\ishop\core\Router.php | 
         Строка:37
=============
[2019-02-19 14:13:29] Текст ошибки:Страница не найдена | Файл:C:\OSPanel\domains\ishop3.loc\vendor\ishop\core\Router.php | 
         Строка:37
=============
[2019-02-19 14:18:15] Текст ошибки:Страница не найдена | Файл:C:\OSPanel\domains\ishop3.loc\vendor\ishop\core\Router.php | 
         Строка:37
=============
[2019-02-19 16:38:18] Текст ошибки:Метод app\controllers\admin\ProductController::relatedProductAction не найден | Файл:C:\OSPanel\domains\ishop3.loc\vendor\ishop\core\Router.php | 
         Строка:30
=============
[2019-02-19 16:38:22] Текст ошибки:Метод app\controllers\admin\ProductController::relatedProductAction не найден | Файл:C:\OSPanel\domains\ishop3.loc\vendor\ishop\core\Router.php | 
         Строка:30
=============
[2019-02-19 16:39:56] Текст ошибки:Метод app\controllers\admin\ProductController::relatedProductAction не найден | Файл:C:\OSPanel\domains\ishop3.loc\vendor\ishop\core\Router.php | 
         Строка:30
=============
[2019-02-19 16:42:04] Текст ошибки:Метод app\controllers\admin\ProductController::relatedProductAction не найден | Файл:C:\OSPanel\domains\ishop3.loc\vendor\ishop\core\Router.php | 
         Строка:30
=============
[2019-02-19 16:42:14] Текст ошибки:Метод app\controllers\admin\ProductController::relatedProductAction не найден | Файл:C:\OSPanel\domains\ishop3.loc\vendor\ishop\core\Router.php | 
         Строка:30
=============
[2019-02-19 16:43:42] Текст ошибки:Метод app\controllers\admin\ProductController::relatedProductAction не найден | Файл:C:\OSPanel\domains\ishop3.loc\vendor\ishop\core\Router.php | 
         Строка:30
=============
[2019-02-19 16:44:14] Текст ошибки:Метод app\controllers\admin\ProductController::relatedProductAction не найден | Файл:C:\OSPanel\domains\ishop3.loc\vendor\ishop\core\Router.php | 
         Строка:30
=============
[2019-02-19 16:46:36] Текст ошибки:Метод app\controllers\admin\ProductController::relatedProductAction не найден | Файл:C:\OSPanel\domains\ishop3.loc\vendor\ishop\core\Router.php | 
         Строка:30
=============
[2019-02-19 16:46:37] Текст ошибки:Метод app\controllers\admin\ProductController::relatedProductAction не найден | Файл:C:\OSPanel\domains\ishop3.loc\vendor\ishop\core\Router.php | 
         Строка:30
=============
[2019-02-19 16:47:01] Текст ошибки:Метод app\controllers\admin\ProductController::relatedProductAction не найден | Файл:C:\OSPanel\domains\ishop3.loc\vendor\ishop\core\Router.php | 
         Строка:30
=============
[2019-02-19 16:47:03] Текст ошибки:Метод app\controllers\admin\ProductController::relatedProductAction не найден | Файл:C:\OSPanel\domains\ishop3.loc\vendor\ishop\core\Router.php | 
         Строка:30
=============
[2019-02-20 08:18:35] Текст ошибки:Страница не найдена | Файл:C:\OSPanel\domains\ishop3.loc\vendor\ishop\core\Router.php | 
         Строка:37
=============
[2019-02-21 08:50:27] Текст ошибки:Страница не найдена | Файл:C:\OSPanel\domains\ishop3.loc\vendor\ishop\core\Router.php | 
         Строка:37
=============
[2019-03-03 14:50:27] Текст ошибки:Страница не найдена | Файл:C:\OSPanel\domains\ishop3.loc\vendor\ishop\core\Router.php | 
         Строка:37
=============
[2019-03-04 08:49:47] Текст ошибки:Страница не найдена | Файл:C:\OSPanel\domains\ishop3.loc\vendor\ishop\core\Router.php | 
         Строка:37
=============
[2019-03-04 10:39:29] Текст ошибки:Страница не найдена | Файл:C:\OSPanel\domains\ishop3.loc\vendor\ishop\core\Router.php | 
         Строка:37
=============
[2019-03-04 10:45:36] Текст ошибки:Метод app\controllers\admin\ProductController::addImageAction не найден | Файл:C:\OSPanel\domains\ishop3.loc\vendor\ishop\core\Router.php | 
         Строка:30
=============
[2019-03-04 10:45:55] Текст ошибки:Метод app\controllers\admin\ProductController::addImageAction не найден | Файл:C:\OSPanel\domains\ishop3.loc\vendor\ishop\core\Router.php | 
         Строка:30
=============
[2019-03-04 10:47:25] Текст ошибки:Метод app\controllers\admin\ProductController::addImageAction не найден | Файл:C:\OSPanel\domains\ishop3.loc\vendor\ishop\core\Router.php | 
         Строка:30
=============
[2019-03-04 10:47:47] Текст ошибки:Метод app\controllers\admin\ProductController::addImageAction не найден | Файл:C:\OSPanel\domains\ishop3.loc\vendor\ishop\core\Router.php | 
         Строка:30
=============
[2019-03-04 15:06:50] Текст ошибки:Страница не найдена | Файл:C:\OSPanel\domains\ishop3.loc\vendor\ishop\core\Router.php | 
         Строка:37
=============
[2019-03-04 15:09:32] Текст ошибки:Страница не найдена | Файл:C:\OSPanel\domains\ishop3.loc\vendor\ishop\core\Router.php | 
         Строка:37
=============
[2019-03-04 15:09:56] Текст ошибки:Страница не найдена | Файл:C:\OSPanel\domains\ishop3.loc\vendor\ishop\core\Router.php | 
         Строка:37
=============
[2019-03-04 16:43:42] Текст ошибки:SQLSTATE[23000]: Integrity constraint violation: 1062 Duplicate entry '0' for key 'id' | Файл:C:\OSPanel\domains\ishop3.loc\vendor\gabordemooij\redbean\RedBeanPHP\Driver\RPDO.php | 
         Строка:188
=============
[2019-03-04 16:45:36] Текст ошибки:SQLSTATE[23000]: Integrity constraint violation: 1062 Duplicate entry '0' for key 'id' | Файл:C:\OSPanel\domains\ishop3.loc\vendor\gabordemooij\redbean\RedBeanPHP\Driver\RPDO.php | 
         Строка:188
=============
[2019-03-04 16:45:41] Текст ошибки:SQLSTATE[23000]: Integrity constraint violation: 1062 Duplicate entry '0' for key 'id' | Файл:C:\OSPanel\domains\ishop3.loc\vendor\gabordemooij\redbean\RedBeanPHP\Driver\RPDO.php | 
         Строка:188
=============
[2019-03-04 16:46:16] Текст ошибки:SQLSTATE[23000]: Integrity constraint violation: 1062 Duplicate entry '0' for key 'id' | Файл:C:\OSPanel\domains\ishop3.loc\vendor\gabordemooij\redbean\RedBeanPHP\Driver\RPDO.php | 
         Строка:188
=============
[2019-03-04 16:50:27] Текст ошибки:SQLSTATE[23000]: Integrity constraint violation: 1062 Duplicate entry '0' for key 'id' | Файл:C:\OSPanel\domains\ishop3.loc\vendor\gabordemooij\redbean\RedBeanPHP\Driver\RPDO.php | 
         Строка:188
=============
[2019-03-04 16:59:41] Текст ошибки:SQLSTATE[23000]: Integrity constraint violation: 1062 Duplicate entry '0' for key 'id' | Файл:C:\OSPanel\domains\ishop3.loc\vendor\gabordemooij\redbean\RedBeanPHP\Driver\RPDO.php | 
         Строка:188
=============
[2019-03-04 17:03:16] Текст ошибки:SQLSTATE[23000]: Integrity constraint violation: 1062 Duplicate entry '0' for key 'id' | Файл:C:\OSPanel\domains\ishop3.loc\vendor\gabordemooij\redbean\RedBeanPHP\Driver\RPDO.php | 
         Строка:188
=============
[2019-03-07 07:57:55] Текст ошибки:Страница не найдена | Файл:C:\OSPanel\domains\ishop3.loc\vendor\ishop\core\Router.php | 
         Строка:37
=============
[2019-03-07 08:09:19] Текст ошибки:SQLSTATE[23000]: Integrity constraint violation: 1062 Duplicate entry '0' for key 'id' | Файл:C:\OSPanel\domains\ishop3.loc\vendor\gabordemooij\redbean\RedBeanPHP\Driver\RPDO.php | 
         Строка:188
=============
[2019-03-07 08:12:42] Текст ошибки:SQLSTATE[23000]: Integrity constraint violation: 1062 Duplicate entry '0' for key 'id' | Файл:C:\OSPanel\domains\ishop3.loc\vendor\gabordemooij\redbean\RedBeanPHP\Driver\RPDO.php | 
         Строка:188
=============
[2019-03-07 09:05:06] Текст ошибки:SQLSTATE[23000]: Integrity constraint violation: 1062 Duplicate entry '0' for key 'id' | Файл:C:\OSPanel\domains\ishop3.loc\vendor\gabordemooij\redbean\RedBeanPHP\Driver\RPDO.php | 
         Строка:188
=============
[2019-03-07 09:05:37] Текст ошибки:SQLSTATE[23000]: Integrity constraint violation: 1062 Duplicate entry '0' for key 'id' | Файл:C:\OSPanel\domains\ishop3.loc\vendor\gabordemooij\redbean\RedBeanPHP\Driver\RPDO.php | 
         Строка:188
=============
[2019-03-07 12:41:34] Текст ошибки:SQLSTATE[23000]: Integrity constraint violation: 1062 Duplicate entry '0' for key 'id' | Файл:C:\OSPanel\domains\ishop3.loc\vendor\gabordemooij\redbean\RedBeanPHP\Driver\RPDO.php | 
         Строка:188
=============
[2019-03-07 12:55:39] Текст ошибки:SQLSTATE[23000]: Integrity constraint violation: 1062 Duplicate entry '0' for key 'id' | Файл:C:\OSPanel\domains\ishop3.loc\vendor\gabordemooij\redbean\RedBeanPHP\Driver\RPDO.php | 
         Строка:188
=============
[2019-03-07 12:57:25] Текст ошибки:SQLSTATE[23000]: Integrity constraint violation: 1062 Duplicate entry '0' for key 'id' | Файл:C:\OSPanel\domains\ishop3.loc\vendor\gabordemooij\redbean\RedBeanPHP\Driver\RPDO.php | 
         Строка:188
=============
[2019-03-07 13:12:51] Текст ошибки:SQLSTATE[23000]: Integrity constraint violation: 1062 Duplicate entry '0' for key 'id' | Файл:C:\OSPanel\domains\ishop3.loc\vendor\gabordemooij\redbean\RedBeanPHP\Driver\RPDO.php | 
         Строка:188
=============
[2019-03-07 13:27:12] Текст ошибки:SQLSTATE[23000]: Integrity constraint violation: 1062 Duplicate entry '0' for key 'id' | Файл:C:\OSPanel\domains\ishop3.loc\vendor\gabordemooij\redbean\RedBeanPHP\Driver\RPDO.php | 
         Строка:188
=============
[2019-03-07 13:32:29] Текст ошибки:SQLSTATE[23000]: Integrity constraint violation: 1062 Duplicate entry '0' for key 'id' | Файл:C:\OSPanel\domains\ishop3.loc\vendor\gabordemooij\redbean\RedBeanPHP\Driver\RPDO.php | 
         Строка:188
=============
[2019-03-07 13:33:38] Текст ошибки:SQLSTATE[23000]: Integrity constraint violation: 1062 Duplicate entry '0' for key 'id' | Файл:C:\OSPanel\domains\ishop3.loc\vendor\gabordemooij\redbean\RedBeanPHP\Driver\RPDO.php | 
         Строка:188
=============
[2019-03-08 18:05:48] Текст ошибки:Страница не найдена | Файл:C:\OSPanel\domains\ishop3.loc\vendor\ishop\core\Router.php | 
         Строка:37
=============
[2019-03-08 18:06:38] Текст ошибки:Страница не найдена | Файл:C:\OSPanel\domains\ishop3.loc\vendor\ishop\core\Router.php | 
         Строка:37
=============
[2019-03-08 18:10:08] Текст ошибки:SQLSTATE[23000]: Integrity constraint violation: 1062 Duplicate entry '0' for key 'id' | Файл:C:\OSPanel\domains\ishop3.loc\vendor\gabordemooij\redbean\RedBeanPHP\Driver\RPDO.php | 
         Строка:188
=============
[2019-03-08 18:13:40] Текст ошибки:Страница не найдена | Файл:C:\OSPanel\domains\ishop3.loc\vendor\ishop\core\Router.php | 
         Строка:37
=============
[2019-03-08 18:14:24] Текст ошибки:Метод app\controllers\ProductController::indexAction не найден | Файл:C:\OSPanel\domains\ishop3.loc\vendor\ishop\core\Router.php | 
         Строка:30
=============
[2019-03-08 18:14:39] Текст ошибки:Метод app\controllers\ProductController::indexAction не найден | Файл:C:\OSPanel\domains\ishop3.loc\vendor\ishop\core\Router.php | 
         Строка:30
=============
[2019-03-08 18:18:32] Текст ошибки:Страница не найдена | Файл:C:\OSPanel\domains\ishop3.loc\vendor\ishop\core\Router.php | 
         Строка:37
=============
[2019-03-08 18:28:31] Текст ошибки:SQLSTATE[23000]: Integrity constraint violation: 1062 Duplicate entry '0' for key 'id' | Файл:C:\OSPanel\domains\ishop3.loc\vendor\gabordemooij\redbean\RedBeanPHP\Driver\RPDO.php | 
         Строка:188
=============
[2019-03-08 19:26:44] Текст ошибки:Страница не найдена | Файл:C:\OSPanel\domains\ishop3.loc\vendor\ishop\core\Router.php | 
         Строка:37
=============
[2019-03-08 19:26:54] Текст ошибки:Метод app\controllers\ProductController::indexAction не найден | Файл:C:\OSPanel\domains\ishop3.loc\vendor\ishop\core\Router.php | 
         Строка:30
=============
[2019-03-08 19:26:56] Текст ошибки:Страница не найдена | Файл:C:\OSPanel\domains\ishop3.loc\vendor\ishop\core\Router.php | 
         Строка:37
=============
[2019-03-08 19:28:40] Текст ошибки:Страница не найдена | Файл:C:\OSPanel\domains\ishop3.loc\vendor\ishop\core\Router.php | 
         Строка:37
=============
[2019-03-08 19:29:06] Текст ошибки:Страница не найдена | Файл:C:\OSPanel\domains\ishop3.loc\vendor\ishop\core\Router.php | 
         Строка:37
=============
[2019-03-12 09:20:53] Текст ошибки:Нет соеденения с БД | Файл:C:\OSPanel\domains\ishop3.loc\vendor\ishop\core\Db.php | 
         Строка:14
=============
[2019-03-12 09:20:53] Текст ошибки:Страница не найдена | Файл:C:\OSPanel\domains\ishop3.loc\vendor\ishop\core\Router.php | 
         Строка:37
=============
[2019-03-12 09:22:27] Текст ошибки:Нет соеденения с БД | Файл:C:\OSPanel\domains\ishop3.loc\vendor\ishop\core\Db.php | 
         Строка:14
=============
[2019-03-12 09:22:29] Текст ошибки:Нет соеденения с БД | Файл:C:\OSPanel\domains\ishop3.loc\vendor\ishop\core\Db.php | 
         Строка:14
=============
[2019-03-12 09:22:29] Текст ошибки:Нет соеденения с БД | Файл:C:\OSPanel\domains\ishop3.loc\vendor\ishop\core\Db.php | 
         Строка:14
=============
[2019-03-12 09:22:30] Текст ошибки:Нет соеденения с БД | Файл:C:\OSPanel\domains\ishop3.loc\vendor\ishop\core\Db.php | 
         Строка:14
=============
[2019-03-12 09:22:43] Текст ошибки:Нет соеденения с БД | Файл:C:\OSPanel\domains\ishop3.loc\vendor\ishop\core\Db.php | 
         Строка:14
=============
[2019-03-12 09:22:43] Текст ошибки:Нет соеденения с БД | Файл:C:\OSPanel\domains\ishop3.loc\vendor\ishop\core\Db.php | 
         Строка:14
=============
[2019-03-12 09:22:43] Текст ошибки:Нет соеденения с БД | Файл:C:\OSPanel\domains\ishop3.loc\vendor\ishop\core\Db.php | 
         Строка:14
=============
[2019-03-12 09:22:44] Текст ошибки:Нет соеденения с БД | Файл:C:\OSPanel\domains\ishop3.loc\vendor\ishop\core\Db.php | 
         Строка:14
=============
[2019-03-12 09:26:51] Текст ошибки:Нет соеденения с БД | Файл:C:\OSPanel\domains\ishop3.loc\vendor\ishop\core\Db.php | 
         Строка:14
=============
[2019-03-12 09:27:13] Текст ошибки:Нет соеденения с БД | Файл:C:\OSPanel\domains\ishop3.loc\vendor\ishop\core\Db.php | 
         Строка:14
=============
[2019-03-12 09:27:13] Текст ошибки:Нет соеденения с БД | Файл:C:\OSPanel\domains\ishop3.loc\vendor\ishop\core\Db.php | 
         Строка:14
=============
[2019-03-12 09:31:11] Текст ошибки:Нет соеденения с БД | Файл:C:\OSPanel\domains\ishop3.loc\vendor\ishop\core\Db.php | 
         Строка:14
=============
[2019-03-12 09:31:12] Текст ошибки:Нет соеденения с БД | Файл:C:\OSPanel\domains\ishop3.loc\vendor\ishop\core\Db.php | 
         Строка:14
=============
[2019-03-12 09:31:12] Текст ошибки:Нет соеденения с БД | Файл:C:\OSPanel\domains\ishop3.loc\vendor\ishop\core\Db.php | 
         Строка:14
=============
[2019-03-12 09:31:21] Текст ошибки:Нет соеденения с БД | Файл:C:\OSPanel\domains\ishop3.loc\vendor\ishop\core\Db.php | 
         Строка:14
=============
[2019-03-12 09:32:48] Текст ошибки:Нет соеденения с БД | Файл:C:\OSPanel\domains\ishop3.loc\vendor\ishop\core\Db.php | 
         Строка:14
=============
[2019-03-12 09:32:49] Текст ошибки:Нет соеденения с БД | Файл:C:\OSPanel\domains\ishop3.loc\vendor\ishop\core\Db.php | 
         Строка:14
=============
[2019-03-12 09:32:49] Текст ошибки:Нет соеденения с БД | Файл:C:\OSPanel\domains\ishop3.loc\vendor\ishop\core\Db.php | 
         Строка:14
=============
[2019-03-12 09:32:49] Текст ошибки:Нет соеденения с БД | Файл:C:\OSPanel\domains\ishop3.loc\vendor\ishop\core\Db.php | 
         Строка:14
=============
[2019-03-12 09:32:50] Текст ошибки:Нет соеденения с БД | Файл:C:\OSPanel\domains\ishop3.loc\vendor\ishop\core\Db.php | 
         Строка:14
=============
[2019-03-12 09:32:50] Текст ошибки:Нет соеденения с БД | Файл:C:\OSPanel\domains\ishop3.loc\vendor\ishop\core\Db.php | 
         Строка:14
=============
[2019-03-12 09:32:50] Текст ошибки:Нет соеденения с БД | Файл:C:\OSPanel\domains\ishop3.loc\vendor\ishop\core\Db.php | 
         Строка:14
=============
[2019-03-12 09:32:51] Текст ошибки:Нет соеденения с БД | Файл:C:\OSPanel\domains\ishop3.loc\vendor\ishop\core\Db.php | 
         Строка:14
=============
[2019-03-12 09:32:51] Текст ошибки:Нет соеденения с БД | Файл:C:\OSPanel\domains\ishop3.loc\vendor\ishop\core\Db.php | 
         Строка:14
=============
[2019-03-12 09:32:51] Текст ошибки:Нет соеденения с БД | Файл:C:\OSPanel\domains\ishop3.loc\vendor\ishop\core\Db.php | 
         Строка:14
=============
[2019-03-12 09:32:51] Текст ошибки:Нет соеденения с БД | Файл:C:\OSPanel\domains\ishop3.loc\vendor\ishop\core\Db.php | 
         Строка:14
=============
[2019-03-12 09:32:51] Текст ошибки:Нет соеденения с БД | Файл:C:\OSPanel\domains\ishop3.loc\vendor\ishop\core\Db.php | 
         Строка:14
=============
[2019-03-12 09:32:51] Текст ошибки:Нет соеденения с БД | Файл:C:\OSPanel\domains\ishop3.loc\vendor\ishop\core\Db.php | 
         Строка:14
=============
[2019-03-12 09:33:06] Текст ошибки:Нет соеденения с БД | Файл:C:\OSPanel\domains\ishop3.loc\vendor\ishop\core\Db.php | 
         Строка:14
=============
[2019-03-12 09:33:23] Текст ошибки:Нет соеденения с БД | Файл:C:\OSPanel\domains\ishop3.loc\vendor\ishop\core\Db.php | 
         Строка:14
=============
[2019-03-12 09:33:24] Текст ошибки:Нет соеденения с БД | Файл:C:\OSPanel\domains\ishop3.loc\vendor\ishop\core\Db.php | 
         Строка:14
=============
[2019-03-12 09:33:55] Текст ошибки:Нет соеденения с БД | Файл:C:\OSPanel\domains\ishop3.loc\vendor\ishop\core\Db.php | 
         Строка:14
=============
[2019-03-12 09:37:28] Текст ошибки:Нет соеденения с БД | Файл:C:\OSPanel\domains\ishop3.loc\vendor\ishop\core\Db.php | 
         Строка:14
=============
[2019-03-12 09:37:40] Текст ошибки:Нет соеденения с БД | Файл:C:\OSPanel\domains\ishop3.loc\vendor\ishop\core\Db.php | 
         Строка:14
=============
[2019-03-12 09:37:51] Текст ошибки:Нет соеденения с БД | Файл:C:\OSPanel\domains\ishop3.loc\vendor\ishop\core\Db.php | 
         Строка:14
=============
[2019-03-12 09:37:52] Текст ошибки:Нет соеденения с БД | Файл:C:\OSPanel\domains\ishop3.loc\vendor\ishop\core\Db.php | 
         Строка:14
=============
[2019-03-12 09:40:26] Текст ошибки:Нет соеденения с БД | Файл:C:\OSPanel\domains\ishop3.loc\vendor\ishop\core\Db.php | 
         Строка:14
=============
[2019-03-12 09:40:31] Текст ошибки:Нет соеденения с БД | Файл:C:\OSPanel\domains\ishop3.loc\vendor\ishop\core\Db.php | 
         Строка:14
=============
[2019-03-12 09:40:32] Текст ошибки:Нет соеденения с БД | Файл:C:\OSPanel\domains\ishop3.loc\vendor\ishop\core\Db.php | 
         Строка:14
=============
[2019-03-12 09:40:32] Текст ошибки:Нет соеденения с БД | Файл:C:\OSPanel\domains\ishop3.loc\vendor\ishop\core\Db.php | 
         Строка:14
=============
[2019-03-12 09:40:33] Текст ошибки:Нет соеденения с БД | Файл:C:\OSPanel\domains\ishop3.loc\vendor\ishop\core\Db.php | 
         Строка:14
=============
[2019-03-12 09:40:33] Текст ошибки:Нет соеденения с БД | Файл:C:\OSPanel\domains\ishop3.loc\vendor\ishop\core\Db.php | 
         Строка:14
=============
[2019-03-12 09:44:05] Текст ошибки:Нет соеденения с БД | Файл:C:\OSPanel\domains\ishop3.loc\vendor\ishop\core\Db.php | 
         Строка:14
=============
[2019-03-12 09:44:06] Текст ошибки:Страница не найдена | Файл:C:\OSPanel\domains\ishop3.loc\vendor\ishop\core\Router.php | 
         Строка:37
=============
[2019-03-12 09:47:34] Текст ошибки:Нет соеденения с БД | Файл:C:\OSPanel\domains\ishop3.loc\vendor\ishop\core\Db.php | 
         Строка:14
=============
[2019-03-12 09:47:35] Текст ошибки:Нет соеденения с БД | Файл:C:\OSPanel\domains\ishop3.loc\vendor\ishop\core\Db.php | 
         Строка:14
=============
[2019-03-12 09:47:35] Текст ошибки:Нет соеденения с БД | Файл:C:\OSPanel\domains\ishop3.loc\vendor\ishop\core\Db.php | 
         Строка:14
=============
[2019-03-12 09:47:35] Текст ошибки:Нет соеденения с БД | Файл:C:\OSPanel\domains\ishop3.loc\vendor\ishop\core\Db.php | 
         Строка:14
=============
[2019-03-12 09:47:36] Текст ошибки:Нет соеденения с БД | Файл:C:\OSPanel\domains\ishop3.loc\vendor\ishop\core\Db.php | 
         Строка:14
=============
[2019-03-12 09:47:36] Текст ошибки:Нет соеденения с БД | Файл:C:\OSPanel\domains\ishop3.loc\vendor\ishop\core\Db.php | 
         Строка:14
=============
[2019-03-12 09:47:36] Текст ошибки:Нет соеденения с БД | Файл:C:\OSPanel\domains\ishop3.loc\vendor\ishop\core\Db.php | 
         Строка:14
=============
[2019-03-12 09:47:37] Текст ошибки:Нет соеденения с БД | Файл:C:\OSPanel\domains\ishop3.loc\vendor\ishop\core\Db.php | 
         Строка:14
=============
[2019-03-12 09:47:37] Текст ошибки:Нет соеденения с БД | Файл:C:\OSPanel\domains\ishop3.loc\vendor\ishop\core\Db.php | 
         Строка:14
=============
[2019-03-12 09:47:37] Текст ошибки:Нет соеденения с БД | Файл:C:\OSPanel\domains\ishop3.loc\vendor\ishop\core\Db.php | 
         Строка:14
=============
[2019-03-12 10:16:45] Текст ошибки:Нет соеденения с БД | Файл:C:\OSPanel\domains\ishop3.loc\vendor\ishop\core\Db.php | 
         Строка:14
=============
[2019-03-12 10:16:47] Текст ошибки:Нет соеденения с БД | Файл:C:\OSPanel\domains\ishop3.loc\vendor\ishop\core\Db.php | 
         Строка:14
=============
[2019-03-12 10:16:48] Текст ошибки:Нет соеденения с БД | Файл:C:\OSPanel\domains\ishop3.loc\vendor\ishop\core\Db.php | 
         Строка:14
=============
[2019-03-12 10:16:48] Текст ошибки:Нет соеденения с БД | Файл:C:\OSPanel\domains\ishop3.loc\vendor\ishop\core\Db.php | 
         Строка:14
=============
[2019-03-12 10:16:49] Текст ошибки:Нет соеденения с БД | Файл:C:\OSPanel\domains\ishop3.loc\vendor\ishop\core\Db.php | 
         Строка:14
=============
[2019-03-12 10:16:49] Текст ошибки:Нет соеденения с БД | Файл:C:\OSPanel\domains\ishop3.loc\vendor\ishop\core\Db.php | 
         Строка:14
=============
[2019-03-12 10:18:36] Текст ошибки:Нет соеденения с БД | Файл:C:\OSPanel\domains\ishop3.loc\vendor\ishop\core\Db.php | 
         Строка:14
=============
[2019-03-12 17:31:20] Текст ошибки:SQLSTATE[23000]: Integrity constraint violation: 1062 Duplicate entry '0' for key 'id' | Файл:C:\OSPanel\domains\ishop3.loc\vendor\gabordemooij\redbean\RedBeanPHP\Driver\RPDO.php | 
         Строка:188
=============
[2019-03-12 17:49:21] Текст ошибки:Страница не найдена | Файл:C:\OSPanel\domains\ishop3.loc\vendor\ishop\core\Router.php | 
         Строка:37
=============
[2019-03-13 15:16:03] Текст ошибки:Метод app\controllers\admin\ProductController::editAction не найден | Файл:C:\OSPanel\domains\ishop3.loc\vendor\ishop\core\Router.php | 
         Строка:30
=============
[2019-03-13 15:16:03] Текст ошибки:Страница не найдена | Файл:C:\OSPanel\domains\ishop3.loc\vendor\ishop\core\Router.php | 
         Строка:37
=============
[2019-03-13 15:16:12] Текст ошибки:Метод app\controllers\admin\ProductController::deleteAction не найден | Файл:C:\OSPanel\domains\ishop3.loc\vendor\ishop\core\Router.php | 
         Строка:30
=============
[2019-03-13 15:16:41] Текст ошибки:Метод app\controllers\admin\ProductController::deleteAction не найден | Файл:C:\OSPanel\domains\ishop3.loc\vendor\ishop\core\Router.php | 
         Строка:30
=============
[2019-03-13 15:16:45] Текст ошибки:Метод app\controllers\admin\ProductController::editAction не найден | Файл:C:\OSPanel\domains\ishop3.loc\vendor\ishop\core\Router.php | 
         Строка:30
=============
[2019-03-13 15:24:54] Текст ошибки:Метод app\controllers\admin\ProductController::deleteAction не найден | Файл:C:\OSPanel\domains\ishop3.loc\vendor\ishop\core\Router.php | 
         Строка:30
=============
[2019-03-13 16:23:35] Текст ошибки:Страница не найдена | Файл:C:\OSPanel\domains\ishop3.loc\vendor\ishop\core\Router.php | 
         Строка:37
=============
[2019-03-15 13:23:33] Текст ошибки:Страница не найдена | Файл:C:\OSPanel\domains\ishop3.loc\vendor\ishop\core\Router.php | 
         Строка:37
=============
[2019-03-15 14:49:43] Текст ошибки:Страница не найдена | Файл:C:\OSPanel\domains\ishop3.loc\vendor\ishop\core\Router.php | 
         Строка:37
=============
[2019-03-15 14:51:34] Текст ошибки:Страница не найдена | Файл:C:\OSPanel\domains\ishop3.loc\vendor\ishop\core\Router.php | 
         Строка:37
=============
[2019-03-15 14:51:34] Текст ошибки:Страница не найдена | Файл:C:\OSPanel\domains\ishop3.loc\vendor\ishop\core\Router.php | 
         Строка:37
=============
[2019-03-15 14:51:34] Текст ошибки:Страница не найдена | Файл:C:\OSPanel\domains\ishop3.loc\vendor\ishop\core\Router.php | 
         Строка:37
=============
[2019-03-15 14:51:34] Текст ошибки:Страница не найдена | Файл:C:\OSPanel\domains\ishop3.loc\vendor\ishop\core\Router.php | 
         Строка:37
=============
[2019-03-15 14:51:34] Текст ошибки:Страница не найдена | Файл:C:\OSPanel\domains\ishop3.loc\vendor\ishop\core\Router.php | 
         Строка:37
=============
[2019-03-15 14:51:34] Текст ошибки:Страница не найдена | Файл:C:\OSPanel\domains\ishop3.loc\vendor\ishop\core\Router.php | 
         Строка:37
=============
[2019-03-15 14:52:00] Текст ошибки:Страница не найдена | Файл:C:\OSPanel\domains\ishop3.loc\vendor\ishop\core\Router.php | 
         Строка:37
=============
[2019-03-15 14:52:00] Текст ошибки:Страница не найдена | Файл:C:\OSPanel\domains\ishop3.loc\vendor\ishop\core\Router.php | 
         Строка:37
=============
[2019-03-15 14:52:00] Текст ошибки:Страница не найдена | Файл:C:\OSPanel\domains\ishop3.loc\vendor\ishop\core\Router.php | 
         Строка:37
=============
[2019-03-15 14:52:00] Текст ошибки:Страница не найдена | Файл:C:\OSPanel\domains\ishop3.loc\vendor\ishop\core\Router.php | 
         Строка:37
=============
[2019-03-15 14:52:00] Текст ошибки:Страница не найдена | Файл:C:\OSPanel\domains\ishop3.loc\vendor\ishop\core\Router.php | 
         Строка:37
=============
[2019-03-15 14:52:00] Текст ошибки:Страница не найдена | Файл:C:\OSPanel\domains\ishop3.loc\vendor\ishop\core\Router.php | 
         Строка:37
=============
[2019-03-15 14:52:00] Текст ошибки:Страница не найдена | Файл:C:\OSPanel\domains\ishop3.loc\vendor\ishop\core\Router.php | 
         Строка:37
=============
[2019-03-15 14:52:01] Текст ошибки:Страница не найдена | Файл:C:\OSPanel\domains\ishop3.loc\vendor\ishop\core\Router.php | 
         Строка:37
=============
[2019-03-15 14:52:02] Текст ошибки:Страница не найдена | Файл:C:\OSPanel\domains\ishop3.loc\vendor\ishop\core\Router.php | 
         Строка:37
=============
[2019-03-15 14:52:03] Текст ошибки:Страница не найдена | Файл:C:\OSPanel\domains\ishop3.loc\vendor\ishop\core\Router.php | 
         Строка:37
=============
[2019-03-16 06:28:31] Текст ошибки:Страница не найдена | Файл:C:\OSPanel\domains\ishop3.loc\vendor\ishop\core\Router.php | 
         Строка:37
=============
[2019-03-16 06:28:58] Текст ошибки:Страница не найдена | Файл:C:\OSPanel\domains\ishop3.loc\vendor\ishop\core\Router.php | 
         Строка:37
=============
[2019-03-16 06:33:54] Текст ошибки:Страница не найдена | Файл:C:\OSPanel\domains\ishop3.loc\vendor\ishop\core\Router.php | 
         Строка:37
=============
[2019-03-16 15:01:19] Текст ошибки:Страница не найдена | Файл:C:\OSPanel\domains\ishop3.loc\vendor\ishop\core\Router.php | 
         Строка:37
=============
[2019-03-16 15:55:21] Текст ошибки:Страница не найдена | Файл:C:\OSPanel\domains\ishop3.loc\vendor\ishop\core\Router.php | 
         Строка:37
=============
[2019-03-16 15:55:21] Текст ошибки:Страница не найдена | Файл:C:\OSPanel\domains\ishop3.loc\vendor\ishop\core\Router.php | 
         Строка:37
=============
[2019-03-16 16:20:00] Текст ошибки:Страница не найдена | Файл:C:\OSPanel\domains\ishop3.loc\vendor\ishop\core\Router.php | 
         Строка:37
=============
[2019-03-16 16:20:00] Текст ошибки:Страница не найдена | Файл:C:\OSPanel\domains\ishop3.loc\vendor\ishop\core\Router.php | 
         Строка:37
=============
[2019-03-16 16:24:52] Текст ошибки:Страница не найдена | Файл:C:\OSPanel\domains\ishop3.loc\vendor\ishop\core\Router.php | 
         Строка:37
=============
[2019-03-16 16:24:52] Текст ошибки:Страница не найдена | Файл:C:\OSPanel\domains\ishop3.loc\vendor\ishop\core\Router.php | 
         Строка:37
=============
[2019-03-16 16:26:05] Текст ошибки:Страница не найдена | Файл:C:\OSPanel\domains\ishop3.loc\vendor\ishop\core\Router.php | 
         Строка:37
=============
[2019-03-16 16:26:05] Текст ошибки:Страница не найдена | Файл:C:\OSPanel\domains\ishop3.loc\vendor\ishop\core\Router.php | 
         Строка:37
=============
[2019-03-16 16:31:56] Текст ошибки:Страница не найдена | Файл:C:\OSPanel\domains\ishop3.loc\app\controllers\admin\AppController.php | 
         Строка:29
=============
[2019-03-16 17:02:39] Текст ошибки:Страница не найдена | Файл:C:\OSPanel\domains\ishop3.loc\vendor\ishop\core\Router.php | 
         Строка:37
=============
[2019-03-20 09:03:53] Текст ошибки:Страница не найдена | Файл:C:\OSPanel\domains\ishop3.loc\vendor\ishop\core\Router.php | 
         Строка:37
=============
[2019-03-20 09:36:06] Текст ошибки:Страница не найдена, к со желеню !!! | Файл:C:\OSPanel\domains\ishop3.loc\app\controllers\ProductController.php | 
         Строка:14
=============
[2019-03-20 13:16:59] Текст ошибки:Страница не найдена | Файл:C:\OSPanel\domains\ishop3.loc\vendor\ishop\core\Router.php | 
         Строка:37
=============
[2019-03-20 13:19:51] Текст ошибки:Страница не найдена | Файл:C:\OSPanel\domains\ishop3.loc\vendor\ishop\core\Router.php | 
         Строка:37
=============
[2019-03-20 13:19:56] Текст ошибки:Страница не найдена | Файл:C:\OSPanel\domains\ishop3.loc\vendor\ishop\core\Router.php | 
         Строка:37
=============
[2019-03-20 13:19:59] Текст ошибки:Страница не найдена | Файл:C:\OSPanel\domains\ishop3.loc\vendor\ishop\core\Router.php | 
         Строка:37
=============
[2019-03-20 13:20:00] Текст ошибки:Страница не найдена | Файл:C:\OSPanel\domains\ishop3.loc\vendor\ishop\core\Router.php | 
         Строка:37
=============
[2019-03-20 13:20:01] Текст ошибки:Страница не найдена | Файл:C:\OSPanel\domains\ishop3.loc\vendor\ishop\core\Router.php | 
         Строка:37
=============
[2019-03-20 13:20:05] Текст ошибки:Контроллер app\controllers\admin\CurrencyController не найден | Файл:C:\OSPanel\domains\ishop3.loc\vendor\ishop\core\Router.php | 
         Строка:33
=============
[2019-03-20 13:20:10] Текст ошибки:Контроллер app\controllers\admin\CurrencyController не найден | Файл:C:\OSPanel\domains\ishop3.loc\vendor\ishop\core\Router.php | 
         Строка:33
=============
[2019-03-20 13:20:13] Текст ошибки:Страница не найдена | Файл:C:\OSPanel\domains\ishop3.loc\vendor\ishop\core\Router.php | 
         Строка:37
=============
[2019-03-20 13:20:15] Текст ошибки:Страница не найдена | Файл:C:\OSPanel\domains\ishop3.loc\vendor\ishop\core\Router.php | 
         Строка:37
=============
[2019-03-20 13:20:55] Текст ошибки:Страница не найдена | Файл:C:\OSPanel\domains\ishop3.loc\vendor\ishop\core\Router.php | 
         Строка:37
=============
[2019-03-20 13:20:56] Текст ошибки:Страница не найдена | Файл:C:\OSPanel\domains\ishop3.loc\vendor\ishop\core\Router.php | 
         Строка:37
=============
[2019-03-20 13:20:56] Текст ошибки:Страница не найдена | Файл:C:\OSPanel\domains\ishop3.loc\vendor\ishop\core\Router.php | 
         Строка:37
=============
[2019-03-20 13:20:56] Текст ошибки:Страница не найдена | Файл:C:\OSPanel\domains\ishop3.loc\vendor\ishop\core\Router.php | 
         Строка:37
=============
[2019-03-20 13:20:56] Текст ошибки:Страница не найдена | Файл:C:\OSPanel\domains\ishop3.loc\vendor\ishop\core\Router.php | 
         Строка:37
=============
[2019-03-20 13:20:56] Текст ошибки:Страница не найдена | Файл:C:\OSPanel\domains\ishop3.loc\vendor\ishop\core\Router.php | 
         Строка:37
=============
[2019-03-20 13:21:07] Текст ошибки:Страница не найдена | Файл:C:\OSPanel\domains\ishop3.loc\vendor\ishop\core\Router.php | 
         Строка:37
=============
[2019-03-20 13:21:11] Текст ошибки:НЕ Найден Вид C:\OSPanel\domains\ishop3.loc/app/views/admin\Filter/attribute.php | Файл:C:\OSPanel\domains\ishop3.loc\vendor\ishop\core\base\View.php | 
         Строка:38
=============
[2019-03-20 13:21:15] Текст ошибки:Контроллер app\controllers\admin\CurrencyController не найден | Файл:C:\OSPanel\domains\ishop3.loc\vendor\ishop\core\Router.php | 
         Строка:33
=============
[2019-03-20 13:21:19] Текст ошибки:Страница не найдена | Файл:C:\OSPanel\domains\ishop3.loc\vendor\ishop\core\Router.php | 
         Строка:37
=============
[2019-03-20 13:23:35] Текст ошибки:Страница не найдена | Файл:C:\OSPanel\domains\ishop3.loc\vendor\ishop\core\Router.php | 
         Строка:37
=============
[2019-03-20 13:23:36] Текст ошибки:Страница не найдена | Файл:C:\OSPanel\domains\ishop3.loc\vendor\ishop\core\Router.php | 
         Строка:37
=============
[2019-03-20 13:23:36] Текст ошибки:Страница не найдена | Файл:C:\OSPanel\domains\ishop3.loc\vendor\ishop\core\Router.php | 
         Строка:37
=============
[2019-03-20 13:23:36] Текст ошибки:Страница не найдена | Файл:C:\OSPanel\domains\ishop3.loc\vendor\ishop\core\Router.php | 
         Строка:37
=============
[2019-03-20 13:23:36] Текст ошибки:Страница не найдена | Файл:C:\OSPanel\domains\ishop3.loc\vendor\ishop\core\Router.php | 
         Строка:37
=============
[2019-03-20 13:23:37] Текст ошибки:Страница не найдена | Файл:C:\OSPanel\domains\ishop3.loc\vendor\ishop\core\Router.php | 
         Строка:37
=============
[2019-03-20 13:23:37] Текст ошибки:Страница не найдена | Файл:C:\OSPanel\domains\ishop3.loc\vendor\ishop\core\Router.php | 
         Строка:37
=============
[2019-03-20 13:23:37] Текст ошибки:Страница не найдена | Файл:C:\OSPanel\domains\ishop3.loc\vendor\ishop\core\Router.php | 
         Строка:37
=============
[2019-03-20 13:23:45] Текст ошибки:Страница не найдена | Файл:C:\OSPanel\domains\ishop3.loc\vendor\ishop\core\Router.php | 
         Строка:37
=============
[2019-03-20 14:18:06] Текст ошибки:Страница не найдена | Файл:C:\OSPanel\domains\ishop3.loc\vendor\ishop\core\Router.php | 
         Строка:37
=============
[2019-03-20 14:18:07] Текст ошибки:Страница не найдена | Файл:C:\OSPanel\domains\ishop3.loc\vendor\ishop\core\Router.php | 
         Строка:37
=============
[2019-03-20 14:18:07] Текст ошибки:Страница не найдена | Файл:C:\OSPanel\domains\ishop3.loc\vendor\ishop\core\Router.php | 
         Строка:37
=============
[2019-03-20 14:18:07] Текст ошибки:Страница не найдена | Файл:C:\OSPanel\domains\ishop3.loc\vendor\ishop\core\Router.php | 
         Строка:37
=============
[2019-03-20 14:18:07] Текст ошибки:Страница не найдена | Файл:C:\OSPanel\domains\ishop3.loc\vendor\ishop\core\Router.php | 
         Строка:37
=============
[2019-03-20 14:18:08] Текст ошибки:Страница не найдена | Файл:C:\OSPanel\domains\ishop3.loc\vendor\ishop\core\Router.php | 
         Строка:37
=============
[2019-03-20 14:18:08] Текст ошибки:Страница не найдена | Файл:C:\OSPanel\domains\ishop3.loc\vendor\ishop\core\Router.php | 
         Строка:37
=============
[2019-03-20 14:18:09] Текст ошибки:Страница не найдена | Файл:C:\OSPanel\domains\ishop3.loc\vendor\ishop\core\Router.php | 
         Строка:37
=============
[2019-03-20 14:18:09] Текст ошибки:Страница не найдена | Файл:C:\OSPanel\domains\ishop3.loc\vendor\ishop\core\Router.php | 
         Строка:37
=============
[2019-03-20 14:18:09] Текст ошибки:Страница не найдена | Файл:C:\OSPanel\domains\ishop3.loc\vendor\ishop\core\Router.php | 
         Строка:37
=============
[2019-03-20 14:18:40] Текст ошибки:Страница не найдена | Файл:C:\OSPanel\domains\ishop3.loc\vendor\ishop\core\Router.php | 
         Строка:37
=============
[2019-03-20 14:29:19] Текст ошибки:Страница не найдена | Файл:C:\OSPanel\domains\ishop3.loc\vendor\ishop\core\Router.php | 
         Строка:37
=============
[2019-03-20 14:31:43] Текст ошибки:Страница не найдена | Файл:C:\OSPanel\domains\ishop3.loc\vendor\ishop\core\Router.php | 
         Строка:37
=============
[2019-03-20 14:31:48] Текст ошибки:Страница не найдена | Файл:C:\OSPanel\domains\ishop3.loc\vendor\ishop\core\Router.php | 
         Строка:37
=============
[2019-03-20 14:31:49] Текст ошибки:Страница не найдена | Файл:C:\OSPanel\domains\ishop3.loc\vendor\ishop\core\Router.php | 
         Строка:37
=============
[2019-03-20 14:31:54] Текст ошибки:НЕ Найден Вид C:\OSPanel\domains\ishop3.loc/app/views/admin\Filter/attribute.php | Файл:C:\OSPanel\domains\ishop3.loc\vendor\ishop\core\base\View.php | 
         Строка:38
=============
[2019-03-20 14:37:45] Текст ошибки:Страница не найдена | Файл:C:\OSPanel\domains\ishop3.loc\vendor\ishop\core\Router.php | 
         Строка:37
=============
[2019-03-20 14:55:14] Текст ошибки:Страница не найдена | Файл:C:\OSPanel\domains\ishop3.loc\vendor\ishop\core\Router.php | 
         Строка:37
=============
[2019-03-20 14:55:28] Текст ошибки:Страница не найдена | Файл:C:\OSPanel\domains\ishop3.loc\vendor\ishop\core\Router.php | 
         Строка:37
=============
[2019-03-25 06:42:57] Текст ошибки:Страница не найдена | Файл:C:\OSPanel\domains\ishop3.loc\vendor\ishop\core\Router.php | 
         Строка:37
=============
[2019-03-25 06:43:12] Текст ошибки:Контроллер app\controllers\admin\CurrencyController не найден | Файл:C:\OSPanel\domains\ishop3.loc\vendor\ishop\core\Router.php | 
         Строка:33
=============
[2019-03-25 06:43:17] Текст ошибки:Страница не найдена | Файл:C:\OSPanel\domains\ishop3.loc\vendor\ishop\core\Router.php | 
         Строка:37
=============
[2019-03-25 06:43:21] Текст ошибки:НЕ Найден Вид C:\OSPanel\domains\ishop3.loc/app/views/admin\Filter/attribute.php | Файл:C:\OSPanel\domains\ishop3.loc\vendor\ishop\core\base\View.php | 
         Строка:38
=============
[2019-03-25 06:49:21] Текст ошибки:Страница не найдена | Файл:C:\OSPanel\domains\ishop3.loc\vendor\ishop\core\Router.php | 
         Строка:37
=============
[2019-03-25 06:49:26] Текст ошибки:НЕ Найден Вид C:\OSPanel\domains\ishop3.loc/app/views/admin\Filter/attribute.php | Файл:C:\OSPanel\domains\ishop3.loc\vendor\ishop\core\base\View.php | 
         Строка:38
=============
[2019-03-25 06:52:44] Текст ошибки:Страница не найдена | Файл:C:\OSPanel\domains\ishop3.loc\vendor\ishop\core\Router.php | 
         Строка:37
=============
[2019-03-25 06:56:39] Текст ошибки:НЕ Найден Вид C:\OSPanel\domains\ishop3.loc/app/views/admin\Filter/attribute.php | Файл:C:\OSPanel\domains\ishop3.loc\vendor\ishop\core\base\View.php | 
         Строка:38
=============
[2019-03-25 06:56:39] Текст ошибки:НЕ Найден Вид C:\OSPanel\domains\ishop3.loc/app/views/admin\Filter/attribute.php | Файл:C:\OSPanel\domains\ishop3.loc\vendor\ishop\core\base\View.php | 
         Строка:38
=============
[2019-03-25 06:56:40] Текст ошибки:НЕ Найден Вид C:\OSPanel\domains\ishop3.loc/app/views/admin\Filter/attribute.php | Файл:C:\OSPanel\domains\ishop3.loc\vendor\ishop\core\base\View.php | 
         Строка:38
=============
[2019-03-25 06:56:40] Текст ошибки:НЕ Найден Вид C:\OSPanel\domains\ishop3.loc/app/views/admin\Filter/attribute.php | Файл:C:\OSPanel\domains\ishop3.loc\vendor\ishop\core\base\View.php | 
         Строка:38
=============
[2019-03-25 06:56:41] Текст ошибки:НЕ Найден Вид C:\OSPanel\domains\ishop3.loc/app/views/admin\Filter/attribute.php | Файл:C:\OSPanel\domains\ishop3.loc\vendor\ishop\core\base\View.php | 
         Строка:38
=============
[2019-03-25 06:57:04] Текст ошибки:НЕ Найден Вид C:\OSPanel\domains\ishop3.loc/app/views/admin\Filter/attribute.php | Файл:C:\OSPanel\domains\ishop3.loc\vendor\ishop\core\base\View.php | 
         Строка:38
=============
[2019-03-25 06:57:05] Текст ошибки:НЕ Найден Вид C:\OSPanel\domains\ishop3.loc/app/views/admin\Filter/attribute.php | Файл:C:\OSPanel\domains\ishop3.loc\vendor\ishop\core\base\View.php | 
         Строка:38
=============
[2019-03-25 06:57:09] Текст ошибки:НЕ Найден Вид C:\OSPanel\domains\ishop3.loc/app/views/admin\Filter/attribute.php | Файл:C:\OSPanel\domains\ishop3.loc\vendor\ishop\core\base\View.php | 
         Строка:38
=============
[2019-03-25 06:57:17] Текст ошибки:Страница не найдена | Файл:C:\OSPanel\domains\ishop3.loc\vendor\ishop\core\Router.php | 
         Строка:37
=============
[2019-03-25 06:59:10] Текст ошибки:Страница не найдена | Файл:C:\OSPanel\domains\ishop3.loc\vendor\ishop\core\Router.php | 
         Строка:37
=============
[2019-03-25 06:59:15] Текст ошибки:НЕ Найден Вид C:\OSPanel\domains\ishop3.loc/app/views/admin\Filter/attribute.php | Файл:C:\OSPanel\domains\ishop3.loc\vendor\ishop\core\base\View.php | 
         Строка:38
=============
[2019-03-25 07:02:16] Текст ошибки:Страница не найдена | Файл:C:\OSPanel\domains\ishop3.loc\vendor\ishop\core\Router.php | 
         Строка:37
=============
[2019-03-25 07:02:22] Текст ошибки:НЕ Найден Вид C:\OSPanel\domains\ishop3.loc/app/views/admin\Filter/attribute.php | Файл:C:\OSPanel\domains\ishop3.loc\vendor\ishop\core\base\View.php | 
         Строка:38
=============
[2019-03-25 07:33:32] Текст ошибки:Страница не найдена | Файл:C:\OSPanel\domains\ishop3.loc\vendor\ishop\core\Router.php | 
         Строка:37
=============
[2019-03-25 07:33:37] Текст ошибки:НЕ Найден Вид C:\OSPanel\domains\ishop3.loc/app/views/admin\Filter/attribute.php | Файл:C:\OSPanel\domains\ishop3.loc\vendor\ishop\core\base\View.php | 
         Строка:38
=============
[2019-03-25 07:33:42] Текст ошибки:Страница не найдена | Файл:C:\OSPanel\domains\ishop3.loc\vendor\ishop\core\Router.php | 
         Строка:37
=============
[2019-03-25 07:33:52] Текст ошибки:НЕ Найден Вид C:\OSPanel\domains\ishop3.loc/app/views/admin\Filter/attribute.php | Файл:C:\OSPanel\domains\ishop3.loc\vendor\ishop\core\base\View.php | 
         Строка:38
=============
[2019-03-25 07:34:03] Текст ошибки:Страница не найдена | Файл:C:\OSPanel\domains\ishop3.loc\vendor\ishop\core\Router.php | 
         Строка:37
=============
[2019-03-25 07:36:40] Текст ошибки:Страница не найдена | Файл:C:\OSPanel\domains\ishop3.loc\vendor\ishop\core\Router.php | 
         Строка:37
=============
[2019-03-25 07:37:26] Текст ошибки:Страница не найдена | Файл:C:\OSPanel\domains\ishop3.loc\vendor\ishop\core\Router.php | 
         Строка:37
=============
[2019-03-25 07:38:11] Текст ошибки:Страница не найдена | Файл:C:\OSPanel\domains\ishop3.loc\vendor\ishop\core\Router.php | 
         Строка:37
=============
[2019-03-25 07:38:17] Текст ошибки:НЕ Найден Вид C:\OSPanel\domains\ishop3.loc/app/views/admin\Filter/attribute.php | Файл:C:\OSPanel\domains\ishop3.loc\vendor\ishop\core\base\View.php | 
         Строка:38
=============
[2019-03-25 07:38:23] Текст ошибки:Страница не найдена | Файл:C:\OSPanel\domains\ishop3.loc\vendor\ishop\core\Router.php | 
         Строка:37
=============
[2019-03-25 07:38:27] Текст ошибки:Контроллер app\controllers\admin\CurrencyController не найден | Файл:C:\OSPanel\domains\ishop3.loc\vendor\ishop\core\Router.php | 
         Строка:33
=============
[2019-03-25 07:38:38] Текст ошибки:Контроллер app\controllers\admin\CurrencyController не найден | Файл:C:\OSPanel\domains\ishop3.loc\vendor\ishop\core\Router.php | 
         Строка:33
=============
[2019-03-25 07:40:04] Текст ошибки:Страница не найдена | Файл:C:\OSPanel\domains\ishop3.loc\vendor\ishop\core\Router.php | 
         Строка:37
=============
[2019-03-25 07:51:40] Текст ошибки:Страница не найдена | Файл:C:\OSPanel\domains\ishop3.loc\vendor\ishop\core\Router.php | 
         Строка:37
=============
[2019-03-25 07:52:17] Текст ошибки:Контроллер app\controllers\admin\CurrencyController не найден | Файл:C:\OSPanel\domains\ishop3.loc\vendor\ishop\core\Router.php | 
         Строка:33
=============
[2019-03-25 07:52:21] Текст ошибки:Страница не найдена | Файл:C:\OSPanel\domains\ishop3.loc\vendor\ishop\core\Router.php | 
         Строка:37
=============
[2019-03-25 08:07:14] Текст ошибки:Страница не найдена | Файл:C:\OSPanel\domains\ishop3.loc\vendor\ishop\core\Router.php | 
         Строка:37
=============
[2019-03-25 15:59:58] Текст ошибки:Страница не найдена | Файл:C:\OSPanel\domains\ishop3.loc\vendor\ishop\core\Router.php | 
         Строка:37
=============
[2019-03-25 16:00:12] Текст ошибки:Страница не найдена | Файл:C:\OSPanel\domains\ishop3.loc\vendor\ishop\core\Router.php | 
         Строка:37
=============
[2019-03-25 16:00:15] Текст ошибки:Контроллер app\controllers\admin\CurrencyController не найден | Файл:C:\OSPanel\domains\ishop3.loc\vendor\ishop\core\Router.php | 
         Строка:33
=============
[2019-03-25 16:00:48] Текст ошибки:Страница не найдена | Файл:C:\OSPanel\domains\ishop3.loc\vendor\ishop\core\Router.php | 
         Строка:37
=============
[2019-03-25 16:00:48] Текст ошибки:Страница не найдена | Файл:C:\OSPanel\domains\ishop3.loc\vendor\ishop\core\Router.php | 
         Строка:37
=============
[2019-03-25 16:00:48] Текст ошибки:Страница не найдена | Файл:C:\OSPanel\domains\ishop3.loc\vendor\ishop\core\Router.php | 
         Строка:37
=============
[2019-03-25 16:00:48] Текст ошибки:Страница не найдена | Файл:C:\OSPanel\domains\ishop3.loc\vendor\ishop\core\Router.php | 
         Строка:37
=============
[2019-03-25 16:01:15] Текст ошибки:Метод app\controllers\admin\ProductController::deleteAction не найден | Файл:C:\OSPanel\domains\ishop3.loc\vendor\ishop\core\Router.php | 
         Строка:30
=============
[2019-03-25 16:03:35] Текст ошибки:Страница не найдена | Файл:C:\OSPanel\domains\ishop3.loc\vendor\ishop\core\Router.php | 
         Строка:37
=============
[2019-03-25 16:09:04] Текст ошибки:Страница не найдена | Файл:C:\OSPanel\domains\ishop3.loc\vendor\ishop\core\Router.php | 
         Строка:37
=============
[2019-03-25 16:11:04] Текст ошибки:Метод app\controllers\admin\ProductController::deleteAction не найден | Файл:C:\OSPanel\domains\ishop3.loc\vendor\ishop\core\Router.php | 
         Строка:30
=============
[2019-03-25 16:11:11] Текст ошибки:Страница не найдена | Файл:C:\OSPanel\domains\ishop3.loc\vendor\ishop\core\Router.php | 
         Строка:37
=============
[2019-03-25 16:11:16] Текст ошибки:НЕ Найден Вид C:\OSPanel\domains\ishop3.loc/app/views/admin\Filter/attribute.php | Файл:C:\OSPanel\domains\ishop3.loc\vendor\ishop\core\base\View.php | 
         Строка:38
=============
[2019-03-25 16:11:39] Текст ошибки:Контроллер app\controllers\admin\CurrencyController не найден | Файл:C:\OSPanel\domains\ishop3.loc\vendor\ishop\core\Router.php | 
         Строка:33
=============
[2019-03-25 16:12:23] Текст ошибки:Страница не найдена | Файл:C:\OSPanel\domains\ishop3.loc\vendor\ishop\core\Router.php | 
         Строка:37
=============
[2019-03-25 16:14:30] Текст ошибки:Страница не найдена | Файл:C:\OSPanel\domains\ishop3.loc\vendor\ishop\core\Router.php | 
         Строка:37
=============
[2019-03-25 16:14:37] Текст ошибки:Контроллер app\controllers\admin\CurrencyController не найден | Файл:C:\OSPanel\domains\ishop3.loc\vendor\ishop\core\Router.php | 
         Строка:33
=============
[2019-03-25 16:14:39] Текст ошибки:Контроллер app\controllers\admin\CurrencyController не найден | Файл:C:\OSPanel\domains\ishop3.loc\vendor\ishop\core\Router.php | 
         Строка:33
=============
[2019-03-25 17:10:30] Текст ошибки:Страница не найдена | Файл:C:\OSPanel\domains\ishop3.loc\vendor\ishop\core\Router.php | 
         Строка:37
=============
[2019-03-25 17:10:37] Текст ошибки:Страница не найдена | Файл:C:\OSPanel\domains\ishop3.loc\vendor\ishop\core\Router.php | 
         Строка:37
=============
[2019-03-25 17:10:43] Текст ошибки:Страница не найдена | Файл:C:\OSPanel\domains\ishop3.loc\vendor\ishop\core\Router.php | 
         Строка:37
=============
[2019-03-25 17:10:44] Текст ошибки:Страница не найдена | Файл:C:\OSPanel\domains\ishop3.loc\vendor\ishop\core\Router.php | 
         Строка:37
=============
[2019-03-25 17:10:45] Текст ошибки:Страница не найдена | Файл:C:\OSPanel\domains\ishop3.loc\vendor\ishop\core\Router.php | 
         Строка:37
=============
[2019-03-25 17:10:50] Текст ошибки:НЕ Найден Вид C:\OSPanel\domains\ishop3.loc/app/views/admin\Filter/attribute.php | Файл:C:\OSPanel\domains\ishop3.loc\vendor\ishop\core\base\View.php | 
         Строка:38
=============
[2019-03-25 17:12:17] Текст ошибки:НЕ Найден Вид C:\OSPanel\domains\ishop3.loc/app/views/admin\Filter/attribute.php | Файл:C:\OSPanel\domains\ishop3.loc\vendor\ishop\core\base\View.php | 
         Строка:38
=============
[2019-03-25 17:12:18] Текст ошибки:НЕ Найден Вид C:\OSPanel\domains\ishop3.loc/app/views/admin\Filter/attribute.php | Файл:C:\OSPanel\domains\ishop3.loc\vendor\ishop\core\base\View.php | 
         Строка:38
=============
[2019-03-25 17:12:26] Текст ошибки:Страница не найдена | Файл:C:\OSPanel\domains\ishop3.loc\vendor\ishop\core\Router.php | 
         Строка:37
=============
[2019-03-25 17:18:53] Текст ошибки:Страница не найдена | Файл:C:\OSPanel\domains\ishop3.loc\vendor\ishop\core\Router.php | 
         Строка:37
=============
[2019-03-25 17:18:53] Текст ошибки:Страница не найдена | Файл:C:\OSPanel\domains\ishop3.loc\vendor\ishop\core\Router.php | 
         Строка:37
=============
[2019-03-25 17:18:54] Текст ошибки:Страница не найдена | Файл:C:\OSPanel\domains\ishop3.loc\vendor\ishop\core\Router.php | 
         Строка:37
=============
[2019-03-25 17:18:54] Текст ошибки:Страница не найдена | Файл:C:\OSPanel\domains\ishop3.loc\vendor\ishop\core\Router.php | 
         Строка:37
=============
[2019-03-25 17:18:54] Текст ошибки:Страница не найдена | Файл:C:\OSPanel\domains\ishop3.loc\vendor\ishop\core\Router.php | 
         Строка:37
=============
[2019-03-25 17:19:00] Текст ошибки:Страница не найдена | Файл:C:\OSPanel\domains\ishop3.loc\vendor\ishop\core\Router.php | 
         Строка:37
=============
[2019-03-25 17:19:05] Текст ошибки:НЕ Найден Вид C:\OSPanel\domains\ishop3.loc/app/views/admin\Filter/attribute.php | Файл:C:\OSPanel\domains\ishop3.loc\vendor\ishop\core\base\View.php | 
         Строка:38
=============
[2019-03-25 17:20:23] Текст ошибки:Страница не найдена | Файл:C:\OSPanel\domains\ishop3.loc\vendor\ishop\core\Router.php | 
         Строка:37
=============
[2019-03-25 17:20:30] Текст ошибки:Страница не найдена | Файл:C:\OSPanel\domains\ishop3.loc\vendor\ishop\core\Router.php | 
         Строка:37
=============
[2019-03-25 17:20:31] Текст ошибки:Страница не найдена | Файл:C:\OSPanel\domains\ishop3.loc\vendor\ishop\core\Router.php | 
         Строка:37
=============
[2019-03-25 17:20:31] Текст ошибки:Страница не найдена | Файл:C:\OSPanel\domains\ishop3.loc\vendor\ishop\core\Router.php | 
         Строка:37
=============
[2019-03-25 17:20:31] Текст ошибки:Страница не найдена | Файл:C:\OSPanel\domains\ishop3.loc\vendor\ishop\core\Router.php | 
         Строка:37
=============
[2019-03-25 17:20:31] Текст ошибки:Страница не найдена | Файл:C:\OSPanel\domains\ishop3.loc\vendor\ishop\core\Router.php | 
         Строка:37
=============
[2019-03-25 17:20:32] Текст ошибки:Страница не найдена | Файл:C:\OSPanel\domains\ishop3.loc\vendor\ishop\core\Router.php | 
         Строка:37
=============
[2019-03-25 17:20:32] Текст ошибки:Страница не найдена | Файл:C:\OSPanel\domains\ishop3.loc\vendor\ishop\core\Router.php | 
         Строка:37
=============
[2019-03-25 17:20:32] Текст ошибки:Страница не найдена | Файл:C:\OSPanel\domains\ishop3.loc\vendor\ishop\core\Router.php | 
         Строка:37
=============
[2019-03-25 17:20:32] Текст ошибки:Страница не найдена | Файл:C:\OSPanel\domains\ishop3.loc\vendor\ishop\core\Router.php | 
         Строка:37
=============
[2019-03-25 17:33:31] Текст ошибки:Страница не найдена | Файл:C:\OSPanel\domains\ishop3.loc\vendor\ishop\core\Router.php | 
         Строка:37
=============
[2019-03-25 17:33:35] Текст ошибки:НЕ Найден Вид C:\OSPanel\domains\ishop3.loc/app/views/admin\Filter/attribute.php | Файл:C:\OSPanel\domains\ishop3.loc\vendor\ishop\core\base\View.php | 
         Строка:38
=============
[2019-03-25 17:33:41] Текст ошибки:Контроллер app\controllers\admin\CurrencyController не найден | Файл:C:\OSPanel\domains\ishop3.loc\vendor\ishop\core\Router.php | 
         Строка:33
=============
[2019-03-25 17:34:56] Текст ошибки:Страница не найдена | Файл:C:\OSPanel\domains\ishop3.loc\vendor\ishop\core\Router.php | 
         Строка:37
=============
[2019-03-27 12:09:25] Текст ошибки:Страница не найдена | Файл:C:\OSPanel\domains\ishop3.loc\vendor\ishop\core\Router.php | 
         Строка:37
=============
[2019-03-27 12:56:58] Текст ошибки:Страница не найдена | Файл:C:\OSPanel\domains\ishop3.loc\vendor\ishop\core\Router.php | 
         Строка:37
=============
[2019-03-27 12:57:07] Текст ошибки:Страница не найдена | Файл:C:\OSPanel\domains\ishop3.loc\vendor\ishop\core\Router.php | 
         Строка:37
=============
[2019-03-27 12:57:07] Текст ошибки:Страница не найдена | Файл:C:\OSPanel\domains\ishop3.loc\vendor\ishop\core\Router.php | 
         Строка:37
=============
[2019-03-27 12:57:07] Текст ошибки:Страница не найдена | Файл:C:\OSPanel\domains\ishop3.loc\vendor\ishop\core\Router.php | 
         Строка:37
=============
[2019-03-27 12:57:08] Текст ошибки:Страница не найдена | Файл:C:\OSPanel\domains\ishop3.loc\vendor\ishop\core\Router.php | 
         Строка:37
=============
[2019-03-27 12:57:08] Текст ошибки:Страница не найдена | Файл:C:\OSPanel\domains\ishop3.loc\vendor\ishop\core\Router.php | 
         Строка:37
=============
[2019-03-27 12:57:08] Текст ошибки:Страница не найдена | Файл:C:\OSPanel\domains\ishop3.loc\vendor\ishop\core\Router.php | 
         Строка:37
=============
[2019-03-27 12:59:38] Текст ошибки:Страница не найдена | Файл:C:\OSPanel\domains\ishop3.loc\vendor\ishop\core\Router.php | 
         Строка:37
=============
[2019-03-28 07:34:10] Текст ошибки:Страница не найдена | Файл:C:\OSPanel\domains\ishop3.loc\vendor\ishop\core\Router.php | 
         Строка:37
=============
[2019-03-28 07:35:57] Текст ошибки:Метод app\controllers\admin\FilterController::groupAddAction не найден | Файл:C:\OSPanel\domains\ishop3.loc\vendor\ishop\core\Router.php | 
         Строка:30
=============
[2019-03-28 08:13:26] Текст ошибки:Invalid type: attribute_group | Файл:C:\OSPanel\domains\ishop3.loc\vendor\gabordemooij\redbean\RedBeanPHP\Util\DispenseHelper.php | 
         Строка:77
=============
[2019-03-28 08:13:58] Текст ошибки:Invalid type: attribute_group | Файл:C:\OSPanel\domains\ishop3.loc\vendor\gabordemooij\redbean\RedBeanPHP\Util\DispenseHelper.php | 
         Строка:77
=============
[2019-03-28 08:31:10] Текст ошибки:Plugin 'xdispense' does not exist, add this plugin using: R::ext('xdispense') | Файл:C:\OSPanel\domains\ishop3.loc\vendor\gabordemooij\redbean\RedBeanPHP\Facade.php | 
         Строка:2903
=============
[2019-03-28 08:41:23] Текст ошибки:SQLSTATE[42000]: Syntax error or access violation: 1065 Query was empty | Файл:C:\OSPanel\domains\ishop3.loc\vendor\gabordemooij\redbean\RedBeanPHP\Driver\RPDO.php | 
         Строка:188
=============
[2019-03-28 08:41:35] Текст ошибки:SQLSTATE[42000]: Syntax error or access violation: 1065 Query was empty | Файл:C:\OSPanel\domains\ishop3.loc\vendor\gabordemooij\redbean\RedBeanPHP\Driver\RPDO.php | 
         Строка:188
=============
[2019-03-28 08:42:07] Текст ошибки:Метод app\controllers\admin\FilterController::groupEditAction не найден | Файл:C:\OSPanel\domains\ishop3.loc\vendor\ishop\core\Router.php | 
         Строка:30
=============
[2019-03-28 08:42:14] Текст ошибки:SQLSTATE[42000]: Syntax error or access violation: 1065 Query was empty | Файл:C:\OSPanel\domains\ishop3.loc\vendor\gabordemooij\redbean\RedBeanPHP\Driver\RPDO.php | 
         Строка:188
=============
[2019-03-28 08:42:37] Текст ошибки:SQLSTATE[42000]: Syntax error or access violation: 1065 Query was empty | Файл:C:\OSPanel\domains\ishop3.loc\vendor\gabordemooij\redbean\RedBeanPHP\Driver\RPDO.php | 
         Строка:188
=============
[2019-03-28 08:44:00] Текст ошибки:SQLSTATE[42000]: Syntax error or access violation: 1065 Query was empty | Файл:C:\OSPanel\domains\ishop3.loc\vendor\gabordemooij\redbean\RedBeanPHP\Driver\RPDO.php | 
         Строка:188
=============
[2019-03-28 08:44:00] Текст ошибки:SQLSTATE[42000]: Syntax error or access violation: 1065 Query was empty | Файл:C:\OSPanel\domains\ishop3.loc\vendor\gabordemooij\redbean\RedBeanPHP\Driver\RPDO.php | 
         Строка:188
=============
[2019-03-28 08:44:18] Текст ошибки:SQLSTATE[42000]: Syntax error or access violation: 1065 Query was empty | Файл:C:\OSPanel\domains\ishop3.loc\vendor\gabordemooij\redbean\RedBeanPHP\Driver\RPDO.php | 
         Строка:188
=============
[2019-03-28 08:49:30] Текст ошибки:SQLSTATE[42000]: Syntax error or access violation: 1065 Query was empty | Файл:C:\OSPanel\domains\ishop3.loc\vendor\gabordemooij\redbean\RedBeanPHP\Driver\RPDO.php | 
         Строка:188
=============
[2019-03-28 10:43:40] Текст ошибки:Метод app\controllers\admin\FilterController::attributeAddAction не найден | Файл:C:\OSPanel\domains\ishop3.loc\vendor\ishop\core\Router.php | 
         Строка:30
=============
[2019-03-28 18:19:39] Текст ошибки:Метод app\controllers\admin\FilterController::attributeEditAction не найден | Файл:C:\OSPanel\domains\ishop3.loc\vendor\ishop\core\Router.php | 
         Строка:30
=============
[2019-03-28 18:19:45] Текст ошибки:Метод app\controllers\admin\FilterController::attributeEditAction не найден | Файл:C:\OSPanel\domains\ishop3.loc\vendor\ishop\core\Router.php | 
         Строка:30
=============
[2019-03-28 18:20:24] Текст ошибки:Метод app\controllers\admin\FilterController::attributeEditAction не найден | Файл:C:\OSPanel\domains\ishop3.loc\vendor\ishop\core\Router.php | 
         Строка:30
=============
[2019-03-28 18:58:26] Текст ошибки:Метод app\controllers\admin\FilterController::attributeDeleteAction не найден | Файл:C:\OSPanel\domains\ishop3.loc\vendor\ishop\core\Router.php | 
         Строка:30
=============
[2019-03-29 12:22:25] Текст ошибки:Страница не найдена | Файл:C:\OSPanel\domains\ishop3.loc\vendor\ishop\core\Router.php | 
         Строка:37
=============
[2019-03-29 12:24:30] Текст ошибки:Страница не найдена | Файл:C:\OSPanel\domains\ishop3.loc\vendor\ishop\core\Router.php | 
         Строка:37
=============
[2019-03-30 10:36:16] Текст ошибки:Страница не найдена | Файл:C:\OSPanel\domains\ishop3.loc\vendor\ishop\core\Router.php | 
         Строка:37
=============
[2019-03-30 10:40:45] Текст ошибки:Connection could not be established with host smtp.mail.ru [php_network_getaddresses: getaddrinfo failed: No such host is known.  #0] | Файл:C:\OSPanel\domains\ishop3.loc\vendor\swiftmailer\swiftmailer\lib\classes\Swift\Transport\StreamBuffer.php | 
         Строка:277
=============
[2019-04-03 11:14:02] Текст ошибки:Страница не найдена | Файл:C:\OSPanel\domains\ishop3.loc\vendor\ishop\core\Router.php | 
         Строка:37
=============
[2019-04-03 11:59:33] Текст ошибки:Страница не найдена | Файл:C:\OSPanel\domains\ishop3.loc\vendor\ishop\core\Router.php | 
         Строка:37
=============
[2019-04-03 11:59:35] Текст ошибки:Страница не найдена | Файл:C:\OSPanel\domains\ishop3.loc\vendor\ishop\core\Router.php | 
         Строка:37
=============
[2019-04-03 11:59:36] Текст ошибки:Страница не найдена | Файл:C:\OSPanel\domains\ishop3.loc\vendor\ishop\core\Router.php | 
         Строка:37
=============
[2019-04-03 11:59:39] Текст ошибки:Страница не найдена | Файл:C:\OSPanel\domains\ishop3.loc\vendor\ishop\core\Router.php | 
         Строка:37
=============
[2019-04-03 11:59:40] Текст ошибки:Страница не найдена | Файл:C:\OSPanel\domains\ishop3.loc\vendor\ishop\core\Router.php | 
         Строка:37
=============
[2019-04-03 11:59:43] Текст ошибки:Страница не найдена | Файл:C:\OSPanel\domains\ishop3.loc\vendor\ishop\core\Router.php | 
         Строка:37
=============
[2019-04-07 16:16:24] Текст ошибки:Страница не найдена | Файл:C:\OSPanel\domains\ishop3.loc\vendor\ishop\core\Router.php | 
         Строка:37
=============
[2019-04-07 16:18:16] Текст ошибки:Connection could not be established with host smtp.mail.ru [php_network_getaddresses: getaddrinfo failed: No such host is known.  #0] | Файл:C:\OSPanel\domains\ishop3.loc\vendor\swiftmailer\swiftmailer\lib\classes\Swift\Transport\StreamBuffer.php | 
         Строка:277
=============
[2019-04-07 17:00:44] Текст ошибки:Страница не найдена | Файл:C:\OSPanel\domains\ishop3.loc\vendor\ishop\core\Router.php | 
         Строка:37
=============
[2019-05-02 15:32:30] Текст ошибки:Страница не найдена | Файл:C:\OSPanel\domains\ishop3.loc\vendor\ishop\core\Router.php | 
         Строка:37
=============
[2019-05-02 15:35:44] Текст ошибки:Connection could not be established with host smtp.mail.ru [php_network_getaddresses: getaddrinfo failed: No such host is known.  #0] | Файл:C:\OSPanel\domains\ishop3.loc\vendor\swiftmailer\swiftmailer\lib\classes\Swift\Transport\StreamBuffer.php | 
         Строка:277
=============
[2019-05-02 15:41:08] Текст ошибки:Connection could not be established with host smtp.mail.ru [php_network_getaddresses: getaddrinfo failed: No such host is known.  #0] | Файл:C:\OSPanel\domains\ishop3.loc\vendor\swiftmailer\swiftmailer\lib\classes\Swift\Transport\StreamBuffer.php | 
         Строка:277
=============
[2019-05-02 15:41:08] Текст ошибки:Страница не найдена | Файл:C:\OSPanel\domains\ishop3.loc\vendor\ishop\core\Router.php | 
         Строка:37
=============
[2019-07-24 16:22:31] Текст ошибки:Страница не найдена | Файл:C:\OSPanel\domains\ishop3.loc\vendor\ishop\core\Router.php | 
         Строка:37
=============
[2019-07-24 16:23:52] Текст ошибки:Страница не найдена | Файл:C:\OSPanel\domains\ishop3.loc\vendor\ishop\core\Router.php | 
         Строка:37
=============
[2019-07-25 06:19:56] Текст ошибки:Страница не найдена | Файл:C:\OSPanel\domains\ishop3.loc\vendor\ishop\core\Router.php | 
         Строка:37
=============
[2019-07-25 06:21:14] Текст ошибки:Страница не найдена | Файл:C:\OSPanel\domains\ishop3.loc\vendor\ishop\core\Router.php | 
         Строка:37
=============
[2019-07-25 06:21:17] Текст ошибки:Страница не найдена | Файл:C:\OSPanel\domains\ishop3.loc\vendor\ishop\core\Router.php | 
         Строка:37
=============
[2019-07-25 06:21:21] Текст ошибки:Страница не найдена | Файл:C:\OSPanel\domains\ishop3.loc\vendor\ishop\core\Router.php | 
         Строка:37
=============
[2019-07-25 06:21:23] Текст ошибки:Страница не найдена | Файл:C:\OSPanel\domains\ishop3.loc\vendor\ishop\core\Router.php | 
         Строка:37
=============
[2020-01-25 12:45:51] Текст ошибки:Страница не найдена | Файл:C:\OSPanel\domains\ishop3.loc\vendor\ishop\core\Router.php | 
         Строка:37
=============
[2020-01-25 12:48:32] Текст ошибки:Страница не найдена | Файл:C:\OSPanel\domains\ishop3.loc\vendor\ishop\core\Router.php | 
         Строка:37
=============
[2020-01-25 12:48:48] Текст ошибки:Страница не найдена | Файл:C:\OSPanel\domains\ishop3.loc\vendor\ishop\core\Router.php | 
         Строка:37
=============
[2020-04-18 17:25:52] Текст ошибки:Страница не найдена | Файл:C:\OSPanel\domains\ishop3.loc\vendor\ishop\core\Router.php | 
         Строка:37
=============
[2020-11-30 13:49:35] Текст ошибки:Страница не найдена | Файл:C:\OSPanel\domains\ishop3.loc\vendor\ishop\core\Router.php | 
         Строка:37
=============
[2020-11-30 13:49:35] Текст ошибки:Страница не найдена | Файл:C:\OSPanel\domains\ishop3.loc\vendor\ishop\core\Router.php | 
         Строка:37
=============
[2023-04-29 13:53:33] Текст ошибки:Страница не найдена | Файл:C:\OSPanel\domains\ishop3.loc\vendor\ishop\core\Router.php | 
         Строка:37
=============
[2023-06-01 19:16:31] Текст ошибки:Страница не найдена | Файл:C:\OSPanel\domains\ishop3.loc\vendor\ishop\core\Router.php | 
         Строка:37
=============
[2024-07-19 07:50:55] Текст ошибки:Страница не найдена | Файл:C:\OSPanel\domains\ishop3.loc\vendor\ishop\core\Router.php | 
         Строка:37
=============
[2024-07-19 07:55:10] Текст ошибки:Страница не найдена | Файл:C:\OSPanel\domains\ishop3.loc\vendor\ishop\core\Router.php | 
         Строка:37
=============
[2024-07-19 07:55:21] Текст ошибки:Страница не найдена | Файл:C:\OSPanel\domains\ishop3.loc\vendor\ishop\core\Router.php | 
         Строка:37
=============
[2024-07-19 08:27:57] Текст ошибки:Страница не найдена | Файл:P:\OSPanel\domains\ishop3.loc\vendor\ishop\core\Router.php | 
         Строка:37
=============
[2024-07-19 14:10:55] Текст ошибки:Страница не найдена | Файл:C:\OSPanel\domains\ishop3.loc\vendor\ishop\core\Router.php | 
         Строка:37
=============
[2024-07-19 14:47:01] Текст ошибки:Страница не найдена | Файл:C:\OSPanel\domains\ishop3.loc\vendor\ishop\core\Router.php | 
         Строка:37
=============
[2024-07-19 14:48:52] Текст ошибки:Failed to authenticate on SMTP server with username "jenis-82@mail.ru" using 3 possible authenticators | Файл:C:\OSPanel\domains\ishop3.loc\vendor\swiftmailer\swiftmailer\lib\classes\Swift\Transport\Esmtp\AuthHandler.php | 
         Строка:181
=============
[2024-07-19 14:50:03] Текст ошибки:Failed to authenticate on SMTP server with username "jenis-82@mail.ru" using 3 possible authenticators | Файл:C:\OSPanel\domains\ishop3.loc\vendor\swiftmailer\swiftmailer\lib\classes\Swift\Transport\Esmtp\AuthHandler.php | 
         Строка:181
=============
[2024-07-19 14:53:55] Текст ошибки:Failed to authenticate on SMTP server with username "jenis-82@mail.ru" using 3 possible authenticators | Файл:C:\OSPanel\domains\ishop3.loc\vendor\swiftmailer\swiftmailer\lib\classes\Swift\Transport\Esmtp\AuthHandler.php | 
         Строка:181
=============
[2024-07-19 15:17:31] Текст ошибки:Страница не найдена | Файл:C:\OSPanel\domains\ishop3.loc\vendor\ishop\core\Router.php | 
         Строка:37
=============
[2024-07-19 15:24:35] Текст ошибки:Failed to authenticate on SMTP server with username "jenis-82@mail.ru" using 3 possible authenticators | Файл:C:\OSPanel\domains\ishop3.loc\vendor\swiftmailer\swiftmailer\lib\classes\Swift\Transport\Esmtp\AuthHandler.php | 
         Строка:181
=============
[2024-07-19 15:26:46] Текст ошибки:Failed to authenticate on SMTP server with username "jenis-82@mail.ru" using 3 possible authenticators | Файл:C:\OSPanel\domains\ishop3.loc\vendor\swiftmailer\swiftmailer\lib\classes\Swift\Transport\Esmtp\AuthHandler.php | 
         Строка:181
=============
[2024-07-19 15:31:29] Текст ошибки:Failed to authenticate on SMTP server with username "jenis-82@mail.ru" using 3 possible authenticators | Файл:C:\OSPanel\domains\ishop3.loc\vendor\swiftmailer\swiftmailer\lib\classes\Swift\Transport\Esmtp\AuthHandler.php | 
         Строка:181
=============
[2024-07-19 15:32:37] Текст ошибки:Failed to authenticate on SMTP server with username "jenis-82@mail.ru" using 3 possible authenticators | Файл:C:\OSPanel\domains\ishop3.loc\vendor\swiftmailer\swiftmailer\lib\classes\Swift\Transport\Esmtp\AuthHandler.php | 
         Строка:181
=============
[2024-07-19 15:32:37] Текст ошибки:Страница не найдена | Файл:C:\OSPanel\domains\ishop3.loc\vendor\ishop\core\Router.php | 
         Строка:37
=============
[2024-07-19 15:34:15] Текст ошибки:Failed to authenticate on SMTP server with username "jenis-82@mail.ru" using 3 possible authenticators | Файл:C:\OSPanel\domains\ishop3.loc\vendor\swiftmailer\swiftmailer\lib\classes\Swift\Transport\Esmtp\AuthHandler.php | 
         Строка:181
=============
[2024-07-19 15:35:52] Текст ошибки:Failed to authenticate on SMTP server with username "jenis-82@mail.ru" using 3 possible authenticators | Файл:C:\OSPanel\domains\ishop3.loc\vendor\swiftmailer\swiftmailer\lib\classes\Swift\Transport\Esmtp\AuthHandler.php | 
         Строка:181
=============
[2024-07-19 15:37:22] Текст ошибки:Failed to authenticate on SMTP server with username "jenis-82@mail.ru" using 3 possible authenticators | Файл:C:\OSPanel\domains\ishop3.loc\vendor\swiftmailer\swiftmailer\lib\classes\Swift\Transport\Esmtp\AuthHandler.php | 
         Строка:181
=============
[2024-07-19 15:38:08] Текст ошибки:Failed to authenticate on SMTP server with username "jenis-82@mail.ru" using 3 possible authenticators | Файл:C:\OSPanel\domains\ishop3.loc\vendor\swiftmailer\swiftmailer\lib\classes\Swift\Transport\Esmtp\AuthHandler.php | 
         Строка:181
=============
[2024-07-19 15:39:12] Текст ошибки:Failed to authenticate on SMTP server with username "jenis-82@mail.ru" using 3 possible authenticators | Файл:C:\OSPanel\domains\ishop3.loc\vendor\swiftmailer\swiftmailer\lib\classes\Swift\Transport\Esmtp\AuthHandler.php | 
         Строка:181
=============
[2024-07-19 15:41:50] Текст ошибки:Failed to authenticate on SMTP server with username "jenis-82@mail.ru" using 3 possible authenticators | Файл:C:\OSPanel\domains\ishop3.loc\vendor\swiftmailer\swiftmailer\lib\classes\Swift\Transport\Esmtp\AuthHandler.php | 
         Строка:181
=============
[2024-07-19 15:41:50] Текст ошибки:Страница не найдена | Файл:C:\OSPanel\domains\ishop3.loc\vendor\ishop\core\Router.php | 
         Строка:37
=============
[2024-07-19 20:49:40] Текст ошибки:Failed to authenticate on SMTP server with username "jenis-82@mail.ru" using 3 possible authenticators | Файл:C:\OSPanel\domains\ishop3.loc\vendor\swiftmailer\swiftmailer\lib\classes\Swift\Transport\Esmtp\AuthHandler.php | 
         Строка:181
=============
[2024-07-19 20:49:40] Текст ошибки:Страница не найдена | Файл:C:\OSPanel\domains\ishop3.loc\vendor\ishop\core\Router.php | 
         Строка:37
=============
[2024-07-19 20:50:27] Текст ошибки:Failed to authenticate on SMTP server with username "jenis-82@mail.ru" using 3 possible authenticators | Файл:C:\OSPanel\domains\ishop3.loc\vendor\swiftmailer\swiftmailer\lib\classes\Swift\Transport\Esmtp\AuthHandler.php | 
         Строка:181
=============
[2024-07-19 21:14:05] Текст ошибки:Failed to authenticate on SMTP server with username "jenis-82@mail.ru" using 3 possible authenticators | Файл:C:\OSPanel\domains\ishop3.loc\vendor\swiftmailer\swiftmailer\lib\classes\Swift\Transport\Esmtp\AuthHandler.php | 
         Строка:181
=============
[2024-07-19 21:14:05] Текст ошибки:Страница не найдена | Файл:C:\OSPanel\domains\ishop3.loc\vendor\ishop\core\Router.php | 
         Строка:37
=============
[2024-07-19 21:17:51] Текст ошибки:Failed to authenticate on SMTP server with username "jenis-82@mail.ru" using 3 possible authenticators | Файл:C:\OSPanel\domains\ishop3.loc\vendor\swiftmailer\swiftmailer\lib\classes\Swift\Transport\Esmtp\AuthHandler.php | 
         Строка:181
=============
[2024-07-19 21:32:44] Текст ошибки:Failed to authenticate on SMTP server with username "jenis-82@mail.ru" using 3 possible authenticators | Файл:C:\OSPanel\domains\ishop3.loc\vendor\swiftmailer\swiftmailer\lib\classes\Swift\Transport\Esmtp\AuthHandler.php | 
         Строка:181
=============
[2024-07-19 21:49:48] Текст ошибки:Страница не найдена | Файл:C:\OSPanel\domains\ishop3.loc\vendor\ishop\core\Router.php | 
         Строка:37
=============
[2024-07-19 21:49:48] Текст ошибки:Страница не найдена | Файл:C:\OSPanel\domains\ishop3.loc\vendor\ishop\core\Router.php | 
         Строка:37
=============
[2024-07-19 21:52:17] Текст ошибки:Failed to authenticate on SMTP server with username "jenis-82@mail.ru" using 3 possible authenticators | Файл:C:\OSPanel\domains\ishop3.loc\vendor\swiftmailer\swiftmailer\lib\classes\Swift\Transport\Esmtp\AuthHandler.php | 
         Строка:181
=============
[2024-07-20 07:11:08] Текст ошибки:Failed to authenticate on SMTP server with username "jenis-82@mail.ru" using 3 possible authenticators | Файл:C:\OSPanel\domains\ishop3.loc\vendor\swiftmailer\swiftmailer\lib\classes\Swift\Transport\Esmtp\AuthHandler.php | 
         Строка:181
=============
[2024-07-20 07:11:08] Текст ошибки:Страница не найдена | Файл:C:\OSPanel\domains\ishop3.loc\vendor\ishop\core\Router.php | 
         Строка:37
=============
[2024-07-20 07:13:10] Текст ошибки:Failed to authenticate on SMTP server with username "jenis-82@mail.ru" using 3 possible authenticators | Файл:C:\OSPanel\domains\ishop3.loc\vendor\swiftmailer\swiftmailer\lib\classes\Swift\Transport\Esmtp\AuthHandler.php | 
         Строка:181
=============
[2024-07-20 07:29:01] Текст ошибки:Failed to authenticate on SMTP server with username "jenis-82@mail.ru" using 3 possible authenticators | Файл:C:\OSPanel\domains\ishop3.loc\vendor\swiftmailer\swiftmailer\lib\classes\Swift\Transport\Esmtp\AuthHandler.php | 
         Строка:181
=============
[2024-07-20 07:29:01] Текст ошибки:Страница не найдена | Файл:C:\OSPanel\domains\ishop3.loc\vendor\ishop\core\Router.php | 
         Строка:37
=============
[2024-07-20 07:32:06] Текст ошибки:Failed to authenticate on SMTP server with username "jenis-82@mail.ru" using 3 possible authenticators | Файл:C:\OSPanel\domains\ishop3.loc\vendor\swiftmailer\swiftmailer\lib\classes\Swift\Transport\Esmtp\AuthHandler.php | 
         Строка:181
=============
[2024-07-20 07:44:43] Текст ошибки:Страница не найдена | Файл:C:\OSPanel\domains\ishop3.loc\vendor\ishop\core\Router.php | 
         Строка:37
=============
[2024-07-20 07:44:48] Текст ошибки:Страница не найдена | Файл:C:\OSPanel\domains\ishop3.loc\vendor\ishop\core\Router.php | 
         Строка:37
=============
[2024-07-20 07:45:01] Текст ошибки:Страница не найдена | Файл:C:\OSPanel\domains\ishop3.loc\vendor\ishop\core\Router.php | 
         Строка:37
=============
[2024-07-20 07:45:37] Текст ошибки:Страница не найдена | Файл:C:\OSPanel\domains\ishop3.loc\vendor\ishop\core\Router.php | 
         Строка:37
=============
